0 info it worked if it ends with ok
1 verbose cli [ '/usr/local/bin/node',
1 verbose cli   '/usr/local/bin/npm',
1 verbose cli   'update',
1 verbose cli   '-g',
1 verbose cli   'bower' ]
2 info using npm@1.4.14
3 info using node@v0.10.29
4 verbose url raw bower
5 verbose url resolving [ 'https://registry.npmjs.org/', './bower' ]
6 verbose url resolved https://registry.npmjs.org/bower
7 info trying registry request attempt 1 at 13:28:16
8 verbose etag "9TRN9C51C2GRVQLWJPEMU8N5A"
9 http GET https://registry.npmjs.org/bower
10 http 200 https://registry.npmjs.org/bower
11 silly registry.get cb [ 200,
11 silly registry.get   { date: 'Sun, 10 Aug 2014 20:28:16 GMT',
11 silly registry.get     server: 'CouchDB/1.5.0 (Erlang OTP/R16B03)',
11 silly registry.get     etag: '"AKIPZ02QT0J52PHS85HMTRJTL"',
11 silly registry.get     'content-type': 'application/json',
11 silly registry.get     'cache-control': 'max-age=60',
11 silly registry.get     'content-length': '98591',
11 silly registry.get     'accept-ranges': 'bytes',
11 silly registry.get     via: '1.1 varnish',
11 silly registry.get     age: '163',
11 silly registry.get     'x-served-by': 'cache-sjc3129-SJC',
11 silly registry.get     'x-cache': 'HIT',
11 silly registry.get     'x-cache-hits': '1',
11 silly registry.get     'x-timer': 'S1407702496.588884,VS0,VE0',
11 silly registry.get     vary: 'Accept',
11 silly registry.get     'keep-alive': 'timeout=10, max=50',
11 silly registry.get     connection: 'Keep-Alive' } ]
12 verbose url raw bower
13 verbose url resolving [ 'https://registry.npmjs.org/', './bower' ]
14 verbose url resolved https://registry.npmjs.org/bower
15 info trying registry request attempt 1 at 13:28:17
16 verbose etag "9TRN9C51C2GRVQLWJPEMU8N5A"
17 http GET https://registry.npmjs.org/bower
18 http 200 https://registry.npmjs.org/bower
19 silly registry.get cb [ 200,
19 silly registry.get   { date: 'Sun, 10 Aug 2014 20:28:17 GMT',
19 silly registry.get     server: 'CouchDB/1.5.0 (Erlang OTP/R16B03)',
19 silly registry.get     etag: '"AKIPZ02QT0J52PHS85HMTRJTL"',
19 silly registry.get     'content-type': 'application/json',
19 silly registry.get     'cache-control': 'max-age=60',
19 silly registry.get     'content-length': '98591',
19 silly registry.get     'accept-ranges': 'bytes',
19 silly registry.get     via: '1.1 varnish',
19 silly registry.get     age: '164',
19 silly registry.get     'x-served-by': 'cache-sjc3123-SJC',
19 silly registry.get     'x-cache': 'HIT',
19 silly registry.get     'x-cache-hits': '1',
19 silly registry.get     'x-timer': 'S1407702497.417035,VS0,VE0',
19 silly registry.get     vary: 'Accept',
19 silly registry.get     'keep-alive': 'timeout=10, max=50',
19 silly registry.get     connection: 'Keep-Alive' } ]
20 info outdated updating [ [ '/usr/local/lib', 'bower', '1.3.8', '1.3.9', '1.3.9', '*' ],
20 info outdated   [ '/usr/local/lib/node_modules/meanio',
20 info outdated     'bower',
20 info outdated     '1.3.8',
20 info outdated     '1.3.9',
20 info outdated     '1.3.9',
20 info outdated     '^1.3.8' ] ]
21 verbose install where,what [ '/usr/local/lib', [ 'bower@1.3.9' ] ]
22 verbose install where,what [ '/usr/local/lib/node_modules/meanio', [ 'bower@1.3.9' ] ]
23 verbose readDependencies using package.json deps
24 verbose cache add [ 'bower@1.3.9', null ]
25 verbose cache add name=undefined spec="bower@1.3.9" args=["bower@1.3.9",null]
26 verbose parsed url { protocol: null,
26 verbose parsed url   slashes: null,
26 verbose parsed url   auth: null,
26 verbose parsed url   host: null,
26 verbose parsed url   port: null,
26 verbose parsed url   hostname: null,
26 verbose parsed url   hash: null,
26 verbose parsed url   search: null,
26 verbose parsed url   query: null,
26 verbose parsed url   pathname: 'bower@1.3.9',
26 verbose parsed url   path: 'bower@1.3.9',
26 verbose parsed url   href: 'bower@1.3.9' }
27 verbose cache add name="bower" spec="1.3.9" args=["bower","1.3.9"]
28 verbose parsed url { protocol: null,
28 verbose parsed url   slashes: null,
28 verbose parsed url   auth: null,
28 verbose parsed url   host: null,
28 verbose parsed url   port: null,
28 verbose parsed url   hostname: null,
28 verbose parsed url   hash: null,
28 verbose parsed url   search: null,
28 verbose parsed url   query: null,
28 verbose parsed url   pathname: '1.3.9',
28 verbose parsed url   path: '1.3.9',
28 verbose parsed url   href: '1.3.9' }
29 verbose addNamed [ 'bower', '1.3.9' ]
30 verbose addNamed [ '1.3.9', '1.3.9' ]
31 silly lockFile 4c0b32f5-bower-1-3-9 bower@1.3.9
32 verbose lock bower@1.3.9 /Users/lpq1990/.npm/4c0b32f5-bower-1-3-9.lock
33 verbose cache add [ 'bower@1.3.9', null ]
34 verbose cache add name=undefined spec="bower@1.3.9" args=["bower@1.3.9",null]
35 verbose parsed url { protocol: null,
35 verbose parsed url   slashes: null,
35 verbose parsed url   auth: null,
35 verbose parsed url   host: null,
35 verbose parsed url   port: null,
35 verbose parsed url   hostname: null,
35 verbose parsed url   hash: null,
35 verbose parsed url   search: null,
35 verbose parsed url   query: null,
35 verbose parsed url   pathname: 'bower@1.3.9',
35 verbose parsed url   path: 'bower@1.3.9',
35 verbose parsed url   href: 'bower@1.3.9' }
36 verbose cache add name="bower" spec="1.3.9" args=["bower","1.3.9"]
37 verbose parsed url { protocol: null,
37 verbose parsed url   slashes: null,
37 verbose parsed url   auth: null,
37 verbose parsed url   host: null,
37 verbose parsed url   port: null,
37 verbose parsed url   hostname: null,
37 verbose parsed url   hash: null,
37 verbose parsed url   search: null,
37 verbose parsed url   query: null,
37 verbose parsed url   pathname: '1.3.9',
37 verbose parsed url   path: '1.3.9',
37 verbose parsed url   href: '1.3.9' }
38 verbose addNamed [ 'bower', '1.3.9' ]
39 verbose registry.get bower not expired, no request
40 silly lockFile e985d5e5--npmjs-org-bower-bower-1-3-9-tgz https://registry.npmjs.org/bower/-/bower-1.3.9.tgz
41 verbose lock https://registry.npmjs.org/bower/-/bower-1.3.9.tgz /Users/lpq1990/.npm/e985d5e5--npmjs-org-bower-bower-1-3-9-tgz.lock
42 verbose addRemoteTarball [ 'https://registry.npmjs.org/bower/-/bower-1.3.9.tgz',
42 verbose addRemoteTarball   '786d4addfc523e875089ccc1ef8d5a6d6e91a2c6' ]
43 info retry fetch attempt 1 at 13:28:23
44 verbose fetch to= /var/folders/v2/f2zypy1d16gbp714vrhh6chr0000gn/T/npm-42047-JRGfoLvr/registry.npmjs.org/bower/-/bower-1.3.9.tgz
45 http GET https://registry.npmjs.org/bower/-/bower-1.3.9.tgz
46 http 200 https://registry.npmjs.org/bower/-/bower-1.3.9.tgz
47 silly lockFile e985d5e5--npmjs-org-bower-bower-1-3-9-tgz https://registry.npmjs.org/bower/-/bower-1.3.9.tgz
48 silly lockFile e985d5e5--npmjs-org-bower-bower-1-3-9-tgz https://registry.npmjs.org/bower/-/bower-1.3.9.tgz
49 silly lockFile 4c0b32f5-bower-1-3-9 bower@1.3.9
50 silly lockFile 4c0b32f5-bower-1-3-9 bower@1.3.9
51 error Error: EACCES, mkdir '/Users/lpq1990/.npm/bower/1.3.9'
51 error  { [Error: EACCES, mkdir '/Users/lpq1990/.npm/bower/1.3.9']
51 error   errno: 3,
51 error   code: 'EACCES',
51 error   path: '/Users/lpq1990/.npm/bower/1.3.9',
51 error   parent: 'meanio' }
52 error Please try running this command again as root/Administrator.
53 error System Darwin 13.3.0
54 error command "/usr/local/bin/node" "/usr/local/bin/npm" "update" "-g" "bower"
55 error cwd /Users/lpq1990/Dropbox/WebApp/EventCard/public
56 error node -v v0.10.29
57 error npm -v 1.4.14
58 error path /Users/lpq1990/.npm/bower/1.3.9
59 error code EACCES
60 error errno 3
61 error stack Error: EACCES, mkdir '/Users/lpq1990/.npm/bower/1.3.9'
62 verbose exit [ 3, true ]
